<?xml version="1.0" encoding="UTF-8"?><testsuite errors="1" failures="0" name="Agregar al carrito una compra en la aplicacion web de Mercado Libre" skipped="0" tests="2" time="24.28" timestamp="2022-12-03 02:16:22"><testcase name="Seleccionar cualquier categoría por su nombre exitosamente"/><testcase name="Añadir una compra al carrito e intentar iniciar sesion exitosamente"><error type="java.lang.NullPointerException"/><system-err>null&#13;
com.google.common.base.Preconditions.checkNotNull(Preconditions.java:882)&#13;
co.com.mercadolibre.StepDefinitions.Taller.SeleccionarStep.elClienteEstaUbicadoEnElProducto(SeleccionarStep.java:39)&#13;
✽.El cliente esta ubicado en el producto(src/test/resources/features/SeleccionarCategoria.feature:9)&#13;
</system-err></testcase></testsuite>